<?xml version="1.0" encoding="UTF-8"?>
<!-- Generated by org.testng.reporters.JUnitReportReporter -->
<testsuite hostname="DESKTOP-CM1GNI0" failures="0" tests="5" name="testCases.TC_001_LoginDDT2" time="47.256" errors="0" timestamp="2024-11-03T12:57:10 IST" skipped="0">
  <testcase classname="testCases.TC_001_LoginDDT2" name="testLogin" time="10.916"/>
  <system-out/>
  <testcase classname="testCases.TC_001_LoginDDT2" name="testLogin" time="3.174"/>
  <system-out/>
  <testcase classname="testCases.TC_001_LoginDDT2" name="testLogin" time="11.223"/>
  <system-out/>
  <testcase classname="testCases.TC_001_LoginDDT2" name="testLogin" time="10.510"/>
  <system-out/>
  <testcase classname="testCases.TC_001_LoginDDT2" name="testLogin" time="11.433"/>
  <system-out/>
</testsuite> <!-- testCases.TC_001_LoginDDT2 -->
