<?xml version="1.0" encoding="UTF-8"?>
<!-- Generated by org.testng.reporters.JUnitReportReporter -->
<testsuite hostname="DESKTOP-CM1GNI0" failures="0" tests="1" name="testCases.TC_001DropDownTest" time="16.263" errors="0" timestamp="2024-10-25T12:39:43 IST" skipped="0">
  <testcase classname="testCases.TC_001DropDownTest" name="selectCountry" time="16.263"/>
  <system-out/>
</testsuite> <!-- testCases.TC_001DropDownTest -->
