<?xml version="1.0" encoding="UTF-8"?>
<!-- Generated by org.testng.reporters.JUnitReportReporter -->
<testsuite hostname="SaurabhSankhe" failures="0" tests="1" name="testCases.TC_001_LoginTest" time="1.668" errors="0" timestamp="2024-11-03T16:46:41 IST" skipped="0">
  <testcase classname="testCases.TC_001_LoginTest" name="testLogin" time="1.668"/>
  <system-out/>
</testsuite> <!-- testCases.TC_001_LoginTest -->
